[2014-11-10 12:48 UTC] Uninstall successfully 
[2014-11-10 12:48 UTC] Plugin installed succesfully 
[2014-11-10 12:48 UTC] Categories Save - POST not empty
[2014-11-10 12:48 UTC] Categories Save - Category Id 1
[2014-11-10 12:48 UTC] Categories Save - Category status inactive
[2014-11-10 12:48 UTC] Pages Save - POST not empty
[2014-11-10 12:48 UTC] Pages Save - Page Id 2
[2014-11-10 12:48 UTC] Pages Save - Page status inactive
[2014-11-10 12:48 UTC] Settings save - POST not empty
[2014-11-10 12:48 UTC] Settings save - Display mode normal
[2014-11-10 12:48 UTC] Settings save - Google analytics id UA-000000-01
[2014-11-10 12:48 UTC] Settings save - Status 1
[2014-11-10 12:48 UTC] Api key added - POST not empty
[2014-11-10 12:48 UTC] Api key added - Api key - ad
[2014-11-10 12:48 UTC] Api key added - Status - 1
[2014-11-10 13:49 UTC] Settings save - POST not empty
[2014-11-10 13:49 UTC] Settings save - Status 1
[2014-11-10 13:49 UTC] Edit images - Action: upload
[2014-11-10 13:49 UTC] Edit images - Status: 1
[2014-11-10 13:49 UTC] Edit cover - Action: upload
[2014-11-10 13:49 UTC] Edit images - Status: 1
